2026-04-21 20:13:19,553 INFO services.shortcut_service: Shortcut registration: 10 succeeded, 0 failed
2026-04-21 20:14:03,297 INFO services.shortcut_service: Shortcut registration: 10 succeeded, 0 failed
2026-04-21 20:14:52,659 INFO services.shortcut_service: Shortcut registration: 10 succeeded, 0 failed
2026-04-21 20:15:36,214 INFO services.shortcut_service: Shortcut registration: 11 succeeded, 0 failed
2026-04-21 20:15:52,748 INFO services.shortcut_service: Shortcut registration: 11 succeeded, 0 failed
2026-04-21 20:18:41,385 INFO services.shortcut_service: Shortcut registration: 12 succeeded, 0 failed
2026-04-21 23:38:38,631 INFO services.shortcut_service: Shortcut registration: 12 succeeded, 0 failed
2026-04-21 23:38:56,483 INFO services.shortcut_service: Shortcut registration: 12 succeeded, 0 failed
2026-04-21 23:42:46,118 INFO services.shortcut_service: Shortcut registration: 12 succeeded, 0 failed
2026-04-21 23:43:01,187 INFO services.shortcut_service: Shortcut registration: 12 succeeded, 0 failed
2026-04-21 23:45:44,968 INFO services.shortcut_service: Shortcut registration: 12 succeeded, 0 failed
2026-04-21 23:48:25,306 INFO services.shortcut_service: Shortcut registration: 12 succeeded, 0 failed
2026-04-23 10:42:36,476 INFO services.shortcut_service: Shortcut registration: 12 succeeded, 0 failed
2026-04-23 10:43:13,412 INFO services.resource_control.service: Resource release (Aggressive): Freed ~0.00 GB | 0 procs trimmed | 0 procs throttled | low pressure | 1 errors
2026-04-23 10:43:13,412 INFO __main__: Resource release (Aggressive): Freed ~0.00 GB | 0 procs trimmed | 0 procs throttled | low pressure | 1 errors
2026-04-23 10:49:38,715 INFO services.shortcut_service: Shortcut registration: 12 succeeded, 0 failed
2026-04-23 10:58:27,181 INFO services.shortcut_service: Shortcut registration: 12 succeeded, 0 failed
2026-04-23 11:06:15,764 INFO services.shortcut_service: Shortcut registration: 12 succeeded, 0 failed
2026-04-23 11:20:23,672 INFO services.shortcut_service: Shortcut registration: 12 succeeded, 0 failed
2026-04-23 11:25:47,039 INFO services.shortcut_service: Shortcut registration: 12 succeeded, 0 failed
2026-04-23 11:48:44,562 INFO services.shortcut_service: Shortcut registration: 12 succeeded, 0 failed
2026-04-23 11:52:14,669 INFO services.shortcut_service: Shortcut registration: 12 succeeded, 0 failed
2026-04-23 11:55:52,320 INFO services.shortcut_service: Shortcut registration: 12 succeeded, 0 failed
2026-04-23 12:08:04,222 INFO services.shortcut_service: Shortcut registration: 12 succeeded, 0 failed
2026-04-23 12:09:27,317 INFO services.shortcut_service: Shortcut registration: 12 succeeded, 0 failed
2026-04-23 12:12:47,889 INFO services.shortcut_service: Shortcut registration: 12 succeeded, 0 failed
2026-04-23 12:14:37,628 INFO services.shortcut_service: Shortcut registration: 12 succeeded, 0 failed
2026-04-23 12:17:18,795 INFO services.shortcut_service: Shortcut registration: 12 succeeded, 0 failed
2026-04-23 12:18:22,124 INFO services.shortcut_service: Shortcut registration: 12 succeeded, 0 failed
2026-04-23 12:22:09,904 INFO services.shortcut_service: Shortcut registration: 12 succeeded, 0 failed
2026-04-25 19:32:03,268 INFO services.shortcut_service: Shortcut registration: 12 succeeded, 0 failed
2026-04-25 19:34:06,656 INFO services.shortcut_service: Shortcut registration: 12 succeeded, 0 failed
2026-04-25 19:46:06,203 INFO services.shortcut_service: Shortcut registration: 12 succeeded, 0 failed
2026-04-25 19:47:02,211 INFO services.resource_control.service: Resource release (Nuclear): Freed ~0.00 GB | 0 procs trimmed | 0 procs throttled | low pressure | 1 errors
2026-04-25 19:47:02,212 INFO __main__: Resource release (Nuclear): Freed ~0.00 GB | 0 procs trimmed | 0 procs throttled | low pressure | 1 errors
2026-04-25 19:57:03,991 INFO services.shortcut_service: Shortcut registration: 12 succeeded, 0 failed
2026-04-26 00:39:24,053 INFO services.shortcut_service: Shortcut registration: 12 succeeded, 0 failed
2026-04-26 01:02:45,388 INFO services.resource_control.service: Resource release (Aggressive): Freed ~0.00 GB | 0 procs trimmed | 0 procs throttled | low pressure | 1 errors
2026-04-26 01:02:45,388 INFO __main__: Resource release (Aggressive): Freed ~0.00 GB | 0 procs trimmed | 0 procs throttled | low pressure | 1 errors
2026-04-26 11:42:51,441 INFO services.shortcut_service: Shortcut registration: 12 succeeded, 0 failed
2026-04-26 11:50:46,241 INFO services.shortcut_service: Shortcut registration: 12 succeeded, 0 failed
2026-04-26 11:57:15,980 INFO services.shortcut_service: Shortcut registration: 12 succeeded, 0 failed
2026-04-26 12:00:16,576 INFO services.shortcut_service: Shortcut registration: 12 succeeded, 0 failed
